  Task4.cpp
c:\проекты студентов и преподавателей\2 курс\annalitvinenko\imit\task4cpp\task4\task4\linkedhashtable.h(7): error C2143: синтаксическая ошибка: отсутствие ";" перед "*"
c:\проекты студентов и преподавателей\2 курс\annalitvinenko\imit\task4cpp\task4\task4\linkedhashtable.h(7): error C4430: отсутствует спецификатор типа - предполагается int. Примечание. C++ не поддерживает int по умолчанию
c:\проекты студентов и преподавателей\2 курс\annalitvinenko\imit\task4cpp\task4\task4\linkedhashtable.h(7): error C2238: непредвиденные лексемы перед ";"
c:\проекты студентов и преподавателей\2 курс\annalitvinenko\imit\task4cpp\task4\task4\linkedhashtable.h(8): error C2143: синтаксическая ошибка: отсутствие ";" перед "*"
c:\проекты студентов и преподавателей\2 курс\annalitvinenko\imit\task4cpp\task4\task4\linkedhashtable.h(8): error C4430: отсутствует спецификатор типа - предполагается int. Примечание. C++ не поддерживает int по умолчанию
c:\проекты студентов и преподавателей\2 курс\annalitvinenko\imit\task4cpp\task4\task4\linkedhashtable.h(8): error C2238: непредвиденные лексемы перед ";"
  LinkedHashTable.cpp
c:\проекты студентов и преподавателей\2 курс\annalitvinenko\imit\task4cpp\task4\task4\linkedhashtable.h(7): error C2143: синтаксическая ошибка: отсутствие ";" перед "*"
c:\проекты студентов и преподавателей\2 курс\annalitvinenko\imit\task4cpp\task4\task4\linkedhashtable.h(7): error C4430: отсутствует спецификатор типа - предполагается int. Примечание. C++ не поддерживает int по умолчанию
c:\проекты студентов и преподавателей\2 курс\annalitvinenko\imit\task4cpp\task4\task4\linkedhashtable.h(7): error C2238: непредвиденные лексемы перед ";"
c:\проекты студентов и преподавателей\2 курс\annalitvinenko\imit\task4cpp\task4\task4\linkedhashtable.h(8): error C2143: синтаксическая ошибка: отсутствие ";" перед "*"
c:\проекты студентов и преподавателей\2 курс\annalitvinenko\imit\task4cpp\task4\task4\linkedhashtable.h(8): error C4430: отсутствует спецификатор типа - предполагается int. Примечание. C++ не поддерживает int по умолчанию
c:\проекты студентов и преподавателей\2 курс\annalitvinenko\imit\task4cpp\task4\task4\linkedhashtable.h(8): error C2238: непредвиденные лексемы перед ";"
c:\проекты студентов и преподавателей\2 курс\annalitvinenko\imit\task4cpp\task4\task4\linkedhashtable.cpp(109): error C2065: first: необъявленный идентификатор
c:\проекты студентов и преподавателей\2 курс\annalitvinenko\imit\task4cpp\task4\task4\linkedhashtable.cpp(110): error C2065: last: необъявленный идентификатор
c:\проекты студентов и преподавателей\2 курс\annalitvinenko\imit\task4cpp\task4\task4\linkedhashtable.cpp(115): error C2065: first: необъявленный идентификатор
c:\проекты студентов и преподавателей\2 курс\annalitvinenko\imit\task4cpp\task4\task4\linkedhashtable.cpp(116): error C2065: last: необъявленный идентификатор
c:\проекты студентов и преподавателей\2 курс\annalitvinenko\imit\task4cpp\task4\task4\linkedhashtable.cpp(118): error C2065: first: необъявленный идентификатор
c:\проекты студентов и преподавателей\2 курс\annalitvinenko\imit\task4cpp\task4\task4\linkedhashtable.cpp(118): error C2541: delete: нельзя удалять объекты, не являющиеся указателями
c:\проекты студентов и преподавателей\2 курс\annalitvinenko\imit\task4cpp\task4\task4\linkedhashtable.cpp(119): error C2065: first: необъявленный идентификатор
c:\проекты студентов и преподавателей\2 курс\annalitvinenko\imit\task4cpp\task4\task4\linkedhashtable.cpp(121): error C2065: first: необъявленный идентификатор
c:\проекты студентов и преподавателей\2 курс\annalitvinenko\imit\task4cpp\task4\task4\linkedhashtable.cpp(121): error C2541: delete: нельзя удалять объекты, не являющиеся указателями
c:\проекты студентов и преподавателей\2 курс\annalitvinenko\imit\task4cpp\task4\task4\linkedhashtable.cpp(126): error C2065: last: необъявленный идентификатор
c:\проекты студентов и преподавателей\2 курс\annalitvinenko\imit\task4cpp\task4\task4\linkedhashtable.cpp(127): error C2065: last: необъявленный идентификатор
c:\проекты студентов и преподавателей\2 курс\annalitvinenko\imit\task4cpp\task4\task4\linkedhashtable.cpp(128): error C2065: first: необъявленный идентификатор
c:\проекты студентов и преподавателей\2 курс\annalitvinenko\imit\task4cpp\task4\task4\linkedhashtable.cpp(128): error C2065: last: необъявленный идентификатор
c:\проекты студентов и преподавателей\2 курс\annalitvinenko\imit\task4cpp\task4\task4\linkedhashtable.cpp(131): error C2065: last: необъявленный идентификатор
c:\проекты студентов и преподавателей\2 курс\annalitvinenko\imit\task4cpp\task4\task4\linkedhashtable.cpp(131): error C2227: выражение слева от "->next" должно указывать на тип класса, структуры или объединения либо на универсальный тип
  c:\проекты студентов и преподавателей\2 курс\annalitvinenko\imit\task4cpp\task4\task4\linkedhashtable.cpp(131): note: тип: unknown-type
c:\проекты студентов и преподавателей\2 курс\annalitvinenko\imit\task4cpp\task4\task4\linkedhashtable.cpp(132): error C2065: last: необъявленный идентификатор
c:\проекты студентов и преподавателей\2 курс\annalitvinenko\imit\task4cpp\task4\task4\linkedhashtable.cpp(132): error C2227: выражение слева от "->next" должно указывать на тип класса, структуры или объединения либо на универсальный тип
  c:\проекты студентов и преподавателей\2 курс\annalitvinenko\imit\task4cpp\task4\task4\linkedhashtable.cpp(132): note: тип: unknown-type
c:\проекты студентов и преподавателей\2 курс\annalitvinenko\imit\task4cpp\task4\task4\linkedhashtable.cpp(138): error C2065: first: необъявленный идентификатор
c:\проекты студентов и преподавателей\2 курс\annalitvinenko\imit\task4cpp\task4\task4\linkedhashtable.cpp(138): error C2227: выражение слева от "->next" должно указывать на тип класса, структуры или объединения либо на универсальный тип
  c:\проекты студентов и преподавателей\2 курс\annalitvinenko\imit\task4cpp\task4\task4\linkedhashtable.cpp(138): note: тип: unknown-type
c:\проекты студентов и преподавателей\2 курс\annalitvinenko\imit\task4cpp\task4\task4\linkedhashtable.cpp(139): error C2065: first: необъявленный идентификатор
c:\проекты студентов и преподавателей\2 курс\annalitvinenko\imit\task4cpp\task4\task4\linkedhashtable.cpp(139): error C2541: delete: нельзя удалять объекты, не являющиеся указателями
c:\проекты студентов и преподавателей\2 курс\annalitvinenko\imit\task4cpp\task4\task4\linkedhashtable.cpp(140): error C2065: first: необъявленный идентификатор
c:\проекты студентов и преподавателей\2 курс\annalitvinenko\imit\task4cpp\task4\task4\linkedhashtable.cpp(145): error C2065: first: необъявленный идентификатор
c:\проекты студентов и преподавателей\2 курс\annalitvinenko\imit\task4cpp\task4\task4\linkedhashtable.cpp(146): error C2065: last: необъявленный идентификатор
c:\проекты студентов и преподавателей\2 курс\annalitvinenko\imit\task4cpp\task4\task4\linkedhashtable.cpp(148): error C2065: first: необъявленный идентификатор
c:\проекты студентов и преподавателей\2 курс\annalitvinenko\imit\task4cpp\task4\task4\linkedhashtable.cpp(148): error C2541: delete: нельзя удалять объекты, не являющиеся указателями
c:\проекты студентов и преподавателей\2 курс\annalitvinenko\imit\task4cpp\task4\task4\linkedhashtable.cpp(149): error C2065: first: необъявленный идентификатор
c:\проекты студентов и преподавателей\2 курс\annalitvinenko\imit\task4cpp\task4\task4\linkedhashtable.cpp(151): error C2065: first: необъявленный идентификатор
c:\проекты студентов и преподавателей\2 курс\annalitvinenko\imit\task4cpp\task4\task4\linkedhashtable.cpp(151): error C2541: delete: нельзя удалять объекты, не являющиеся указателями
c:\проекты студентов и преподавателей\2 курс\annalitvinenko\imit\task4cpp\task4\task4\linkedhashtable.cpp(157): error C2039: first: не является членом "HashList"
  c:\проекты студентов и преподавателей\2 курс\annalitvinenko\imit\task4cpp\task4\task4\linkedhashtable.h(5): note:  см. объявление "HashList"
c:\проекты студентов и преподавателей\2 курс\annalitvinenko\imit\task4cpp\task4\task4\linkedhashtable.cpp(166): error C2039: last: не является членом "HashList"
  c:\проекты студентов и преподавателей\2 курс\annalitvinenko\imit\task4cpp\task4\task4\linkedhashtable.h(5): note:  см. объявление "HashList"
c:\проекты студентов и преподавателей\2 курс\annalitvinenko\imit\task4cpp\task4\task4\linkedhashtable.cpp(172): error C2039: first: не является членом "HashList"
  c:\проекты студентов и преподавателей\2 курс\annalitvinenko\imit\task4cpp\task4\task4\linkedhashtable.h(5): note:  см. объявление "HashList"
  Создание кода...
